<?xml version="1.0" encoding="UTF-8"?>
<testsuite name="PetstroreAutomation"
           tests="2"
           failures="2"
           errors="0"
           skipped="0"
           time="0.000">
    <properties></properties>

            <testcase
                name="testDeleteUserByName"
                time="0.000"
                classname="api.Test1.DDT">

            <failure type="org.testng.TestNGException" message="
Method public void api.Test1.DDT.testDeleteUserByName(java.lang.String) requires a @DataProvider named : UserNames in class api.Utility1.Dataprovider">
                <![CDATA[org.testng.TestNGException: 
Method public void api.Test1.DDT.testDeleteUserByName(java.lang.String) requires a @DataProvider named : UserNames in class api.Utility1.Dataprovider
                org.testng.internal.Parameters.findDataProvider(Parameters.java:535)org.testng.internal.Parameters.handleParameters(Parameters.java:772)org.testng.internal.Parameters.handleParameters(Parameters.java:737)org.testng.internal.invokers.ParameterHandler.handleParameters(ParameterHandler.java:72)org.testng.internal.invokers.ParameterHandler.createParameters(ParameterHandler.java:51)org.testng.internal.invokers.TestInvoker$MethodInvocationAgent.invoke(TestInvoker.java:915)org.testng.internal.invokers.TestInvoker.invokeTestMethods(TestInvoker.java:201)org.testng.internal.invokers.TestMethodWorker.invokeTestMethods(TestMethodWorker.java:148)org.testng.internal.invokers.TestMethodWorker.run(TestMethodWorker.java:128)java.base/java.util.ArrayList.forEach(ArrayList.java:1511)org.testng.TestRunner.privateRun(TestRunner.java:819)org.testng.TestRunner.run(TestRunner.java:619)org.testng.SuiteRunner.runTest(SuiteRunner.java:443)org.testng.SuiteRunner.runSequentially(SuiteRunner.java:437)org.testng.SuiteRunner.privateRun(SuiteRunner.java:397)org.testng.SuiteRunner.run(SuiteRunner.java:336)org.testng.SuiteRunnerWorker.runSuite(SuiteRunnerWorker.java:52)org.testng.SuiteRunnerWorker.run(SuiteRunnerWorker.java:95)org.testng.TestNG.runSuitesSequentially(TestNG.java:1301)org.testng.TestNG.runSuitesLocally(TestNG.java:1228)org.testng.TestNG.runSuites(TestNG.java:1134)org.testng.TestNG.run(TestNG.java:1101)com.intellij.rt.testng.IDEARemoteTestNG.run(IDEARemoteTestNG.java:66)com.intellij.rt.testng.RemoteTestNGStarter.main(RemoteTestNGStarter.java:105)
]]>
            </failure>
    </testcase>
            <testcase
                name="testPostuser"
                time="0.000"
                classname="api.Test1.DDT">

            <failure type="java.lang.RuntimeException" message="java.io.FileNotFoundException: C:\Users\Shubhangi\IdeaProjects\Hellow world\PetstroreAutomation\Resources\Userdata.xlsx (The system cannot find the path specified)">
                <![CDATA[java.lang.RuntimeException: java.io.FileNotFoundException: C:\Users\Shubhangi\IdeaProjects\Hellow world\PetstroreAutomation\Resources\Userdata.xlsx (The system cannot find the path specified)
                org.testng.internal.invokers.MethodInvocationHelper.invokeMethodNoCheckedException(MethodInvocationHelper.java:57)org.testng.internal.invokers.MethodInvocationHelper.invokeDataProvider(MethodInvocationHelper.java:157)org.testng.internal.Parameters.handleParameters(Parameters.java:812)org.testng.internal.Parameters.handleParameters(Parameters.java:737)org.testng.internal.invokers.ParameterHandler.handleParameters(ParameterHandler.java:72)org.testng.internal.invokers.ParameterHandler.createParameters(ParameterHandler.java:51)org.testng.internal.invokers.TestInvoker$MethodInvocationAgent.invoke(TestInvoker.java:915)org.testng.internal.invokers.TestInvoker.invokeTestMethods(TestInvoker.java:201)org.testng.internal.invokers.TestMethodWorker.invokeTestMethods(TestMethodWorker.java:148)org.testng.internal.invokers.TestMethodWorker.run(TestMethodWorker.java:128)java.base/java.util.ArrayList.forEach(ArrayList.java:1511)org.testng.TestRunner.privateRun(TestRunner.java:819)org.testng.TestRunner.run(TestRunner.java:619)org.testng.SuiteRunner.runTest(SuiteRunner.java:443)org.testng.SuiteRunner.runSequentially(SuiteRunner.java:437)org.testng.SuiteRunner.privateRun(SuiteRunner.java:397)org.testng.SuiteRunner.run(SuiteRunner.java:336)org.testng.SuiteRunnerWorker.runSuite(SuiteRunnerWorker.java:52)org.testng.SuiteRunnerWorker.run(SuiteRunnerWorker.java:95)org.testng.TestNG.runSuitesSequentially(TestNG.java:1301)org.testng.TestNG.runSuitesLocally(TestNG.java:1228)org.testng.TestNG.runSuites(TestNG.java:1134)org.testng.TestNG.run(TestNG.java:1101)com.intellij.rt.testng.IDEARemoteTestNG.run(IDEARemoteTestNG.java:66)com.intellij.rt.testng.RemoteTestNGStarter.main(RemoteTestNGStarter.java:105)
                    Caused by: java.io.FileNotFoundException: C:\Users\Shubhangi\IdeaProjects\Hellow world\PetstroreAutomation\Resources\Userdata.xlsx (The system cannot find the path specified)
                    java.base/java.io.FileInputStream.open0(Native Method)java.base/java.io.FileInputStream.open(FileInputStream.java:219)java.base/java.io.FileInputStream.<init>(FileInputStream.java:158)java.base/java.io.FileInputStream.<init>(FileInputStream.java:112)api.Utility1.XLUtility.getRowCount(XLUtility.java:35)api.Utility1.Dataprovider.getAllData(Dataprovider.java:17)java.base/jdk.internal.reflect.DirectMethodHandleAccessor.invoke(DirectMethodHandleAccessor.java:104)java.base/java.lang.reflect.Method.invoke(Method.java:578)org.testng.internal.invokers.MethodInvocationHelper.invokeMethod(MethodInvocationHelper.java:139)org.testng.internal.invokers.MethodInvocationHelper.invokeMethod(MethodInvocationHelper.java:84)org.testng.internal.invokers.MethodInvocationHelper.invokeMethodNoCheckedException(MethodInvocationHelper.java:53)org.testng.internal.invokers.MethodInvocationHelper.invokeDataProvider(MethodInvocationHelper.java:157)org.testng.internal.Parameters.handleParameters(Parameters.java:812)org.testng.internal.Parameters.handleParameters(Parameters.java:737)org.testng.internal.invokers.ParameterHandler.handleParameters(ParameterHandler.java:72)org.testng.internal.invokers.ParameterHandler.createParameters(ParameterHandler.java:51)org.testng.internal.invokers.TestInvoker$MethodInvocationAgent.invoke(TestInvoker.java:915)org.testng.internal.invokers.TestInvoker.invokeTestMethods(TestInvoker.java:201)org.testng.internal.invokers.TestMethodWorker.invokeTestMethods(TestMethodWorker.java:148)org.testng.internal.invokers.TestMethodWorker.run(TestMethodWorker.java:128)java.base/java.util.ArrayList.forEach(ArrayList.java:1511)org.testng.TestRunner.privateRun(TestRunner.java:819)org.testng.TestRunner.run(TestRunner.java:619)org.testng.SuiteRunner.runTest(SuiteRunner.java:443)org.testng.SuiteRunner.runSequentially(SuiteRunner.java:437)org.testng.SuiteRunner.privateRun(SuiteRunner.java:397)org.testng.SuiteRunner.run(SuiteRunner.java:336)org.testng.SuiteRunnerWorker.runSuite(SuiteRunnerWorker.java:52)org.testng.SuiteRunnerWorker.run(SuiteRunnerWorker.java:95)org.testng.TestNG.runSuitesSequentially(TestNG.java:1301)org.testng.TestNG.runSuitesLocally(TestNG.java:1228)org.testng.TestNG.runSuites(TestNG.java:1134)org.testng.TestNG.run(TestNG.java:1101)com.intellij.rt.testng.IDEARemoteTestNG.run(IDEARemoteTestNG.java:66)com.intellij.rt.testng.RemoteTestNGStarter.main(RemoteTestNGStarter.java:105)
                ]]>
            </failure>
    </testcase>


</testsuite>
