<?xml version="1.0" encoding="UTF-8"?>
<testsuite name="PetstroreAutomation"
           tests="4"
           failures="0"
           errors="0"
           skipped="0"
           time="10.176">
    <properties></properties>



            <testcase
                name="testdeleteUserbyname"
                time="1.569"
                classname="api.Test1.Usertest">
            </testcase>
            <testcase
                name="testPostUser"
                time="3.882"
                classname="api.Test1.Usertest">
            </testcase>
            <testcase
                name="testGetUserbyname"
                time="1.594"
                classname="api.Test1.Usertest">
            </testcase>
            <testcase
                name="testupdateUserbyname"
                time="3.131"
                classname="api.Test1.Usertest">
            </testcase>
</testsuite>
